<?xml version="1.0" encoding="UTF-8"?>
<!-- Generated by org.testng.reporters.JUnitReportReporter -->
<testsuite hostname="DESKTOP-E9NU9A2" failures="0" tests="3" name="com.naveenautomation.test.SeleniumGrid" time="33.378" errors="0" timestamp="2023-11-01T01:30:08 EDT" skipped="0">
  <testcase classname="com.naveenautomation.test.SeleniumGrid" name="testseleniumgrid1" time="14.605"/>
  <testcase classname="com.naveenautomation.test.SeleniumGrid" name="testseleniumgrid2" time="9.863"/>
  <testcase classname="com.naveenautomation.test.SeleniumGrid" name="testseleniumgrid" time="8.910"/>
</testsuite> <!-- com.naveenautomation.test.SeleniumGrid -->
