<?xml version="1.0" encoding="UTF-8"?>
<!-- Generated by org.testng.reporters.JUnitReportReporter -->
<testsuite hostname="DESKTOP-E9NU9A2" failures="0" tests="1" name="com.naveenautomation.test.ReturnPageTest" time="7.657" errors="0" timestamp="2023-11-15T23:15:36 EST" skipped="0">
  <testcase classname="com.naveenautomation.test.ReturnPageTest" name="validateIfUserdidAReturn" time="7.657"/>
</testsuite> <!-- com.naveenautomation.test.ReturnPageTest -->
