<?xml version="1.0" encoding="UTF-8"?>
<!-- Generated by org.testng.reporters.JUnitReportReporter -->
<testsuite hostname="DESKTOP-E9NU9A2" failures="0" tests="1" name="com.naveenautomation.test.AccountPageTest" time="8.433" errors="0" timestamp="2023-11-15T23:47:01 EST" skipped="0">
  <testcase classname="com.naveenautomation.test.AccountPageTest" name="validateCurrencyChange" time="8.433"/>
</testsuite> <!-- com.naveenautomation.test.AccountPageTest -->
