<?xml version="1.0" encoding="UTF-8"?>
<!-- Generated by org.testng.reporters.JUnitReportReporter -->
<testsuite hostname="DESKTOP-E9NU9A2" failures="0" tests="6" name="com.naveenautomation.test.LoginPageTest" time="31.452" errors="0" timestamp="2023-11-15T23:15:36 EST" skipped="0">
  <testcase classname="com.naveenautomation.test.LoginPageTest" name="valideIfUserCanLoginWithMultipleCredentials" time="4.899"/>
  <testcase classname="com.naveenautomation.test.LoginPageTest" name="validateLoginCredentials" time="5.192"/>
  <testcase classname="com.naveenautomation.test.LoginPageTest" name="validateIfUserCanNotLoginIn" time="4.413"/>
  <testcase classname="com.naveenautomation.test.LoginPageTest" name="valideIfUserCanLoginWithMultipleCredentials" time="4.849"/>
  <testcase classname="com.naveenautomation.test.LoginPageTest" name="valideIfUserCanLoginWithMultipleCredentials" time="5.251"/>
  <testcase classname="com.naveenautomation.test.LoginPageTest" name="valideIfUserCanLoginWithMultipleCredentials" time="6.848"/>
</testsuite> <!-- com.naveenautomation.test.LoginPageTest -->
