<?xml version="1.0" encoding="UTF-8"?>
<!-- Generated by org.testng.reporters.JUnitReportReporter -->
<testsuite hostname="DESKTOP-E9NU9A2" failures="0" tests="1" name="com.rajdeepk.myFirstMavenProject.WindowHandles" time="13.188" errors="0" timestamp="04 Oct 2023 16:12:32 GMT" skipped="0">
  <testcase classname="com.rajdeepk.myFirstMavenProject.WindowHandles" name="validateTitle" time="13.188"/>
</testsuite> <!-- com.rajdeepk.myFirstMavenProject.WindowHandles -->
