<?xml version="1.0" encoding="UTF-8"?>
<!-- Generated by org.testng.reporters.JUnitReportReporter -->
<testsuite hostname="DESKTOP-E9NU9A2" failures="0" tests="1" name="com.rajdeepk.myFirstMavenProject.CustomerForm" time="4.499" errors="0" timestamp="25 Sep 2023 00:48:38 GMT" skipped="0">
  <testcase classname="com.rajdeepk.myFirstMavenProject.CustomerForm" name="validatingForm" time="4.499"/>
</testsuite> <!-- com.rajdeepk.myFirstMavenProject.CustomerForm -->
