<?xml version="1.0" encoding="UTF-8"?>
<!-- Generated by org.testng.reporters.JUnitReportReporter -->
<testsuite hostname="DESKTOP-E9NU9A2" failures="0" tests="1" name="com.naveenautomation.test.ProductDetailsPageTest" time="8.226" errors="0" timestamp="2023-11-15T23:25:10 EST" skipped="0">
  <testcase classname="com.naveenautomation.test.ProductDetailsPageTest" name="validateAddToCart" time="8.226"/>
</testsuite> <!-- com.naveenautomation.test.ProductDetailsPageTest -->
