<?xml version="1.0" encoding="UTF-8"?>
<!-- Generated by org.testng.reporters.JUnitReportReporter -->
<testsuite hostname="DESKTOP-E9NU9A2" failures="0" tests="6" name="com.naveenautomation.test.LoginPageTest" time="32.895" errors="0" timestamp="2023-11-05T14:52:10 EST" skipped="0">
  <testcase classname="com.naveenautomation.test.LoginPageTest" name="validateIfUserCanNotLoginIn" time="6.631"/>
  <testcase classname="com.naveenautomation.test.LoginPageTest" name="valideIfUserCanLoginWithMultipleCredentials" time="6.936"/>
  <testcase classname="com.naveenautomation.test.LoginPageTest" name="valideIfUserCanLoginWithMultipleCredentials" time="4.798"/>
  <testcase classname="com.naveenautomation.test.LoginPageTest" name="valideIfUserCanLoginWithMultipleCredentials" time="4.625"/>
  <testcase classname="com.naveenautomation.test.LoginPageTest" name="validateLoginCredentials" time="4.971"/>
  <testcase classname="com.naveenautomation.test.LoginPageTest" name="valideIfUserCanLoginWithMultipleCredentials" time="4.934"/>
</testsuite> <!-- com.naveenautomation.test.LoginPageTest -->
