<?xml version="1.0" encoding="UTF-8"?>
<!-- Generated by org.testng.reporters.JUnitReportReporter -->
<testsuite hostname="DESKTOP-E9NU9A2" failures="0" tests="1" name="com.rajdeepk.myFirstMavenProject.FillDetails" time="6.604" errors="0" timestamp="25 Sep 2023 00:35:11 GMT" skipped="0">
  <testcase classname="com.rajdeepk.myFirstMavenProject.FillDetails" name="validateInfo" time="6.604"/>
</testsuite> <!-- com.rajdeepk.myFirstMavenProject.FillDetails -->
