<?xml version="1.0" encoding="UTF-8"?>
<!-- Generated by org.testng.reporters.JUnitReportReporter -->
<testsuite hostname="DESKTOP-E9NU9A2" failures="0" tests="1" name="com.naveenautomation.test.ContactSuccessPageTest" time="10.030" errors="0" timestamp="2023-11-15T23:15:36 EST" skipped="0">
  <testcase classname="com.naveenautomation.test.ContactSuccessPageTest" name="validateIfUserCanContact" time="10.030"/>
</testsuite> <!-- com.naveenautomation.test.ContactSuccessPageTest -->
