<?xml version="1.0" encoding="UTF-8"?>
<!-- Generated by org.testng.reporters.JUnitReportReporter -->
<testsuite hostname="DESKTOP-E9NU9A2" failures="0" tests="5" name="com.naveenautomation.test.ProductDetailsPageTest" time="33.315" errors="0" timestamp="2023-11-16T14:39:24 EST" skipped="1">
  <testcase classname="com.naveenautomation.test.ProductDetailsPageTest" name="validateCompareProductButton" time="8.601"/>
  <system-out/>
  <testcase classname="com.naveenautomation.test.ProductDetailsPageTest" name="validateTiltleOfProduct" time="7.572"/>
  <system-out/>
  <testcase classname="com.naveenautomation.test.ProductDetailsPageTest" name="validateItemAddToWishlist" time="9.120"/>
  <system-out/>
  <testcase classname="com.naveenautomation.test.ProductDetailsPageTest" name="validatePriceOfProduct" time="8.022"/>
  <system-out/>
  <testcase classname="com.naveenautomation.test.ProductDetailsPageTest" name="validateAddToCart">
    <skipped/>
  </testcase> <!-- validateAddToCart -->
  <system-out/>
</testsuite> <!-- com.naveenautomation.test.ProductDetailsPageTest -->
