<?xml version="1.0" encoding="UTF-8"?>
<!-- Generated by org.testng.reporters.JUnitReportReporter -->
<testsuite hostname="DESKTOP-E9NU9A2" failures="0" tests="6" name="com.naveenautomation.test.LoginPageTest" time="32.740" errors="0" timestamp="2023-11-15T23:39:08 EST" skipped="0">
  <testcase classname="com.naveenautomation.test.LoginPageTest" name="valideIfUserCanLoginWithMultipleCredentials" time="5.582"/>
  <system-out/>
  <testcase classname="com.naveenautomation.test.LoginPageTest" name="validateLoginCredentials" time="5.233"/>
  <system-out/>
  <testcase classname="com.naveenautomation.test.LoginPageTest" name="valideIfUserCanLoginWithMultipleCredentials" time="5.411"/>
  <system-out/>
  <testcase classname="com.naveenautomation.test.LoginPageTest" name="validateIfUserCanNotLoginIn" time="5.460"/>
  <system-out/>
  <testcase classname="com.naveenautomation.test.LoginPageTest" name="valideIfUserCanLoginWithMultipleCredentials" time="5.955"/>
  <system-out/>
  <testcase classname="com.naveenautomation.test.LoginPageTest" name="valideIfUserCanLoginWithMultipleCredentials" time="5.099"/>
  <system-out/>
</testsuite> <!-- com.naveenautomation.test.LoginPageTest -->
