<?xml version="1.0" encoding="UTF-8"?>
<!-- Generated by org.testng.reporters.JUnitReportReporter -->
<testsuite hostname="DESKTOP-E9NU9A2" failures="0" tests="3" name="com.naveenautomation.test.AccountPageTest" time="12.497" errors="0" timestamp="2023-11-16T14:39:24 EST" skipped="2">
  <testcase classname="com.naveenautomation.test.AccountPageTest" name="validateNewsletterSubscription" time="12.497"/>
  <system-out/>
  <testcase classname="com.naveenautomation.test.AccountPageTest" name="validateCurrencyChange">
    <skipped/>
  </testcase> <!-- validateCurrencyChange -->
  <system-out/>
  <testcase classname="com.naveenautomation.test.AccountPageTest" name="validateIfUserCanChangePassword">
    <skipped/>
  </testcase> <!-- validateIfUserCanChangePassword -->
  <system-out/>
</testsuite> <!-- com.naveenautomation.test.AccountPageTest -->
