<?xml version="1.0" encoding="UTF-8"?>
<!-- Generated by org.testng.reporters.JUnitReportReporter -->
<testsuite hostname="DESKTOP-E9NU9A2" failures="0" tests="1" name="com.naveenautomation.test.ContactSuccessPageTest" time="9.056" errors="0" timestamp="2023-11-16T14:39:24 EST" skipped="0">
  <testcase classname="com.naveenautomation.test.ContactSuccessPageTest" name="validateIfUserCanContact" time="9.056"/>
  <system-out/>
</testsuite> <!-- com.naveenautomation.test.ContactSuccessPageTest -->
