<?xml version="1.0" encoding="UTF-8"?>
<!-- Generated by org.testng.reporters.JUnitReportReporter -->
<testsuite hostname="DESKTOP-E9NU9A2" failures="0" tests="1" name="com.naveenautomation.test.RewardPageTest" time="5.614" errors="0" timestamp="2023-11-15T23:39:08 EST" skipped="0">
  <testcase classname="com.naveenautomation.test.RewardPageTest" name="validateNumberOfRewardPoints" time="5.614"/>
  <system-out/>
</testsuite> <!-- com.naveenautomation.test.RewardPageTest -->
