<?xml version="1.0" encoding="UTF-8"?>
<!-- Generated by org.testng.reporters.JUnitReportReporter -->
<testsuite hostname="DESKTOP-E9NU9A2" failures="0" tests="6" name="com.naveenautomation.test.LoginPageTest" time="36.728" errors="0" timestamp="2023-11-16T14:39:24 EST" skipped="0">
  <testcase classname="com.naveenautomation.test.LoginPageTest" name="valideIfUserCanLoginWithMultipleCredentials" time="6.580"/>
  <system-out/>
  <testcase classname="com.naveenautomation.test.LoginPageTest" name="validateIfUserCanNotLoginIn" time="5.738"/>
  <system-out/>
  <testcase classname="com.naveenautomation.test.LoginPageTest" name="valideIfUserCanLoginWithMultipleCredentials" time="5.572"/>
  <system-out/>
  <testcase classname="com.naveenautomation.test.LoginPageTest" name="validateLoginCredentials" time="6.570"/>
  <system-out/>
  <testcase classname="com.naveenautomation.test.LoginPageTest" name="valideIfUserCanLoginWithMultipleCredentials" time="5.946"/>
  <system-out/>
  <testcase classname="com.naveenautomation.test.LoginPageTest" name="valideIfUserCanLoginWithMultipleCredentials" time="6.322"/>
  <system-out/>
</testsuite> <!-- com.naveenautomation.test.LoginPageTest -->
