<?xml version="1.0" encoding="UTF-8"?>
<!-- Generated by org.testng.reporters.JUnitReportReporter -->
<testsuite hostname="DESKTOP-E9NU9A2" failures="0" tests="1" name="com.naveenautomation.test.RewardPageTest" time="7.187" errors="0" timestamp="2023-11-16T14:39:24 EST" skipped="0">
  <testcase classname="com.naveenautomation.test.RewardPageTest" name="validateNumberOfRewardPoints" time="7.187"/>
  <system-out/>
</testsuite> <!-- com.naveenautomation.test.RewardPageTest -->
